[1 of 2] Compiling Main             ( /tmp/stack-9e5a327100d51890/http-api-data-0.3.7.2/Setup.lhs, /tmp/stack-9e5a327100d51890/http-api-data-0.3.7.2/.stack-work/dist/x86_64-linux-nopie/Cabal-2.0.1.0/setup/Main.o )
[2 of 2] Compiling StackSetupShim   ( /mnt/hdd/stack/setup-exe-src/setup-shim-mPHDZzAJ.hs, /tmp/stack-9e5a327100d51890/http-api-data-0.3.7.2/.stack-work/dist/x86_64-linux-nopie/Cabal-2.0.1.0/setup/StackSetupShim.o )
Linking /tmp/stack-9e5a327100d51890/http-api-data-0.3.7.2/.stack-work/dist/x86_64-linux-nopie/Cabal-2.0.1.0/setup/setup ...
Configuring http-api-data-0.3.7.2...
Preprocessing library for http-api-data-0.3.7.2..
Building library for http-api-data-0.3.7.2..
[1 of 4] Compiling Web.Internal.HttpApiData ( src/Web/Internal/HttpApiData.hs, .stack-work/dist/x86_64-linux-nopie/Cabal-2.0.1.0/build/Web/Internal/HttpApiData.o )
[2 of 4] Compiling Web.Internal.FormUrlEncoded ( src/Web/Internal/FormUrlEncoded.hs, .stack-work/dist/x86_64-linux-nopie/Cabal-2.0.1.0/build/Web/Internal/FormUrlEncoded.o )
[3 of 4] Compiling Web.FormUrlEncoded ( src/Web/FormUrlEncoded.hs, .stack-work/dist/x86_64-linux-nopie/Cabal-2.0.1.0/build/Web/FormUrlEncoded.o )
[4 of 4] Compiling Web.HttpApiData  ( src/Web/HttpApiData.hs, .stack-work/dist/x86_64-linux-nopie/Cabal-2.0.1.0/build/Web/HttpApiData.o )
Preprocessing library for http-api-data-0.3.7.2..
Running Haddock on library for http-api-data-0.3.7.2..
Haddock coverage:
  44% ( 49 /111) in 'Web.Internal.HttpApiData'
  Missing documentation for:
     (src/Web/Internal/HttpApiData.hs:416)
     (src/Web/Internal/HttpApiData.hs:427)
     (src/Web/Internal/HttpApiData.hs:428)
     (src/Web/Internal/HttpApiData.hs:431)
     (src/Web/Internal/HttpApiData.hs:432)
     (src/Web/Internal/HttpApiData.hs:434)
     (src/Web/Internal/HttpApiData.hs:435)
     (src/Web/Internal/HttpApiData.hs:436)
     (src/Web/Internal/HttpApiData.hs:437)
     (src/Web/Internal/HttpApiData.hs:438)
     (src/Web/Internal/HttpApiData.hs:439)
     (src/Web/Internal/HttpApiData.hs:440)
     (src/Web/Internal/HttpApiData.hs:441)
     (src/Web/Internal/HttpApiData.hs:442)
     (src/Web/Internal/HttpApiData.hs:443)
     (src/Web/Internal/HttpApiData.hs:444)
     (src/Web/Internal/HttpApiData.hs:445)
     (src/Web/Internal/HttpApiData.hs:446)
    timeToUrlPiece (src/Web/Internal/HttpApiData.hs:455)
     (src/Web/Internal/HttpApiData.hs:486)
     (src/Web/Internal/HttpApiData.hs:490)
     (src/Web/Internal/HttpApiData.hs:491)
     (src/Web/Internal/HttpApiData.hs:492)
     (src/Web/Internal/HttpApiData.hs:494)
     (src/Web/Internal/HttpApiData.hs:495)
     (src/Web/Internal/HttpApiData.hs:497)
     (src/Web/Internal/HttpApiData.hs:501)
     (src/Web/Internal/HttpApiData.hs:505)
     (src/Web/Internal/HttpApiData.hs:509)
     (src/Web/Internal/HttpApiData.hs:513)
     (src/Web/Internal/HttpApiData.hs:540)
     (src/Web/Internal/HttpApiData.hs:560)
     (src/Web/Internal/HttpApiData.hs:568)
     (src/Web/Internal/HttpApiData.hs:569)
     (src/Web/Internal/HttpApiData.hs:570)
     (src/Web/Internal/HttpApiData.hs:571)
     (src/Web/Internal/HttpApiData.hs:572)
     (src/Web/Internal/HttpApiData.hs:573)
     (src/Web/Internal/HttpApiData.hs:574)
     (src/Web/Internal/HttpApiData.hs:575)
     (src/Web/Internal/HttpApiData.hs:576)
     (src/Web/Internal/HttpApiData.hs:577)
     (src/Web/Internal/HttpApiData.hs:578)
     (src/Web/Internal/HttpApiData.hs:579)
     (src/Web/Internal/HttpApiData.hs:580)
     (src/Web/Internal/HttpApiData.hs:581)
     (src/Web/Internal/HttpApiData.hs:582)
     (src/Web/Internal/HttpApiData.hs:583)
     (src/Web/Internal/HttpApiData.hs:584)
     (src/Web/Internal/HttpApiData.hs:585)
     (src/Web/Internal/HttpApiData.hs:615)
     (src/Web/Internal/HttpApiData.hs:617)
     (src/Web/Internal/HttpApiData.hs:618)
     (src/Web/Internal/HttpApiData.hs:620)
     (src/Web/Internal/HttpApiData.hs:621)
     (src/Web/Internal/HttpApiData.hs:622)
     (src/Web/Internal/HttpApiData.hs:623)
     (src/Web/Internal/HttpApiData.hs:624)
     (src/Web/Internal/HttpApiData.hs:646)
     (src/Web/Internal/HttpApiData.hs:651)
     (src/Web/Internal/HttpApiData.hs:662)
    runAtto (src/Web/Internal/HttpApiData.hs:671)
  18% ( 22 /119) in 'Web.Internal.FormUrlEncoded'
  Missing documentation for:
    Module header
     (src/Web/Internal/FormUrlEncoded.hs:92)
     (src/Web/Internal/FormUrlEncoded.hs:93)
     (src/Web/Internal/FormUrlEncoded.hs:95)
     (src/Web/Internal/FormUrlEncoded.hs:96)
     (src/Web/Internal/FormUrlEncoded.hs:98)
     (src/Web/Internal/FormUrlEncoded.hs:99)
     (src/Web/Internal/FormUrlEncoded.hs:100)
     (src/Web/Internal/FormUrlEncoded.hs:101)
     (src/Web/Internal/FormUrlEncoded.hs:102)
     (src/Web/Internal/FormUrlEncoded.hs:103)
     (src/Web/Internal/FormUrlEncoded.hs:104)
     (src/Web/Internal/FormUrlEncoded.hs:105)
     (src/Web/Internal/FormUrlEncoded.hs:106)
     (src/Web/Internal/FormUrlEncoded.hs:107)
     (src/Web/Internal/FormUrlEncoded.hs:108)
     (src/Web/Internal/FormUrlEncoded.hs:109)
     (src/Web/Internal/FormUrlEncoded.hs:110)
     (src/Web/Internal/FormUrlEncoded.hs:112)
     (src/Web/Internal/FormUrlEncoded.hs:113)
     (src/Web/Internal/FormUrlEncoded.hs:114)
     (src/Web/Internal/FormUrlEncoded.hs:115)
     (src/Web/Internal/FormUrlEncoded.hs:116)
     (src/Web/Internal/FormUrlEncoded.hs:118)
     (src/Web/Internal/FormUrlEncoded.hs:119)
     (src/Web/Internal/FormUrlEncoded.hs:120)
     (src/Web/Internal/FormUrlEncoded.hs:122)
     (src/Web/Internal/FormUrlEncoded.hs:123)
     (src/Web/Internal/FormUrlEncoded.hs:125)
     (src/Web/Internal/FormUrlEncoded.hs:126)
     (src/Web/Internal/FormUrlEncoded.hs:127)
     (src/Web/Internal/FormUrlEncoded.hs:130)
     (src/Web/Internal/FormUrlEncoded.hs:131)
     (src/Web/Internal/FormUrlEncoded.hs:139)
     (src/Web/Internal/FormUrlEncoded.hs:140)
     (src/Web/Internal/FormUrlEncoded.hs:142)
     (src/Web/Internal/FormUrlEncoded.hs:143)
     (src/Web/Internal/FormUrlEncoded.hs:145)
     (src/Web/Internal/FormUrlEncoded.hs:146)
     (src/Web/Internal/FormUrlEncoded.hs:147)
     (src/Web/Internal/FormUrlEncoded.hs:148)
     (src/Web/Internal/FormUrlEncoded.hs:149)
     (src/Web/Internal/FormUrlEncoded.hs:150)
     (src/Web/Internal/FormUrlEncoded.hs:151)
     (src/Web/Internal/FormUrlEncoded.hs:152)
     (src/Web/Internal/FormUrlEncoded.hs:153)
     (src/Web/Internal/FormUrlEncoded.hs:154)
     (src/Web/Internal/FormUrlEncoded.hs:155)
     (src/Web/Internal/FormUrlEncoded.hs:156)
     (src/Web/Internal/FormUrlEncoded.hs:157)
     (src/Web/Internal/FormUrlEncoded.hs:159)
     (src/Web/Internal/FormUrlEncoded.hs:160)
     (src/Web/Internal/FormUrlEncoded.hs:161)
     (src/Web/Internal/FormUrlEncoded.hs:162)
     (src/Web/Internal/FormUrlEncoded.hs:163)
     (src/Web/Internal/FormUrlEncoded.hs:165)
     (src/Web/Internal/FormUrlEncoded.hs:166)
     (src/Web/Internal/FormUrlEncoded.hs:167)
     (src/Web/Internal/FormUrlEncoded.hs:169)
     (src/Web/Internal/FormUrlEncoded.hs:170)
     (src/Web/Internal/FormUrlEncoded.hs:172)
     (src/Web/Internal/FormUrlEncoded.hs:173)
     (src/Web/Internal/FormUrlEncoded.hs:174)
     (src/Web/Internal/FormUrlEncoded.hs:177)
     (src/Web/Internal/FormUrlEncoded.hs:178)
     (src/Web/Internal/FormUrlEncoded.hs:187)
     (src/Web/Internal/FormUrlEncoded.hs:191)
     (src/Web/Internal/FormUrlEncoded.hs:238)
     (src/Web/Internal/FormUrlEncoded.hs:240)
     (src/Web/Internal/FormUrlEncoded.hs:243)
     (src/Web/Internal/FormUrlEncoded.hs:246)
     (src/Web/Internal/FormUrlEncoded.hs:249)
    Proxy3 (src/Web/Internal/FormUrlEncoded.hs:259)
    NotSupported (src/Web/Internal/FormUrlEncoded.hs:261)
    GToForm (src/Web/Internal/FormUrlEncoded.hs:311)
     (src/Web/Internal/FormUrlEncoded.hs:314)
     (src/Web/Internal/FormUrlEncoded.hs:317)
     (src/Web/Internal/FormUrlEncoded.hs:320)
     (src/Web/Internal/FormUrlEncoded.hs:323)
     (src/Web/Internal/FormUrlEncoded.hs:328)
     (src/Web/Internal/FormUrlEncoded.hs:336)
     (src/Web/Internal/FormUrlEncoded.hs:341)
     (src/Web/Internal/FormUrlEncoded.hs:346)
     (src/Web/Internal/FormUrlEncoded.hs:389)
     (src/Web/Internal/FormUrlEncoded.hs:391)
     (src/Web/Internal/FormUrlEncoded.hs:394)
     (src/Web/Internal/FormUrlEncoded.hs:397)
     (src/Web/Internal/FormUrlEncoded.hs:400)
    GFromForm (src/Web/Internal/FormUrlEncoded.hs:449)
     (src/Web/Internal/FormUrlEncoded.hs:452)
     (src/Web/Internal/FormUrlEncoded.hs:455)
     (src/Web/Internal/FormUrlEncoded.hs:458)
     (src/Web/Internal/FormUrlEncoded.hs:461)
     (src/Web/Internal/FormUrlEncoded.hs:466)
     (src/Web/Internal/FormUrlEncoded.hs:471)
     (src/Web/Internal/FormUrlEncoded.hs:476)
     (src/Web/Internal/FormUrlEncoded.hs:481)
 100% ( 29 / 29) in 'Web.FormUrlEncoded'
 100% ( 32 / 32) in 'Web.HttpApiData'
Documentation created:
.stack-work/dist/x86_64-linux-nopie/Cabal-2.0.1.0/doc/html/http-api-data/index.html,
.stack-work/dist/x86_64-linux-nopie/Cabal-2.0.1.0/doc/html/http-api-data/http-api-data.txt
Installing library in /mnt/hdd/stack/snapshots/x86_64-linux-nopie/lts-11.15/8.2.2/lib/x86_64-linux-ghc-8.2.2/http-api-data-0.3.7.2-67exoslPfeKE0b0SDkYiZs
Registering library for http-api-data-0.3.7.2..
